<?xml version="1.0" encoding="UTF-8"?>
<!-- Generated by org.testng.reporters.JUnitXMLReporter -->
<testsuite hostname="MAC09F.local" ignored="0" name="Test1" tests="4" failures="0" timestamp="03 Jan 2019 16:42:28 GMT" time="3.857" errors="0">
  <testcase name="@BeforeClass initConfigs" time="3.706" classname="MobileProgrammingLLC.Tests.WebViewTest_App_ValidatingAboutSection">
    <failure type="io.appium.java_client.service.local.InvalidServerInstanceException" message="Invalid server instance exception has occured: There is no installed nodes! Please install node via NPM (https://www.npmjs.com/package/appium#using-node-js) or download and install Appium app (http://appium.io/downloads.html)">
      <![CDATA[io.appium.java_client.service.local.InvalidServerInstanceException: Invalid server instance exception has occured: There is no installed nodes! Please install node via NPM (https://www.npmjs.com/package/appium#using-node-js) or download and install Appium app (http://appium.io/downloads.html)
at io.appium.java_client.service.local.AppiumServiceBuilder.findNodeInCurrentFileSystem(AppiumServiceBuilder.java:156)
at io.appium.java_client.service.local.AppiumServiceBuilder.checkAppiumJS(AppiumServiceBuilder.java:317)
at io.appium.java_client.service.local.AppiumServiceBuilder.createArgs(AppiumServiceBuilder.java:397)
at org.openqa.selenium.remote.service.DriverService$Builder.build(DriverService.java:338)
at io.appium.java_client.service.local.AppiumDriverLocalService.buildService(AppiumDriverLocalService.java:71)
at MobileProgrammingLLC.Resources.Base.startAppiumServer(Base.java:79)
at MobileProgrammingLLC.Resources.Base.createAppiumServerConnection(Base.java:131)
at MobileProgrammingLLC.Tests.WebViewTest_App_ValidatingAboutSection.initConfigs(WebViewTest_App_ValidatingAboutSection.java:36)
Caused by: java.io.IOException: 
┌──────────────────────────────────────────────────────────────────┐
│                     npm update check failed                      │
│               Try running with sudo or get access                │
│               to the local update config store via               │
│ sudo chown -R $USER:$(id -gn $USER) /Users/love.vashista/.config │
└──────────────────────────────────────────────────────────────────┘
/usr/local/lib/node_modules


at io.appium.java_client.service.local.AppiumServiceBuilder.findNodeInCurrentFileSystem(AppiumServiceBuilder.java:157)
... 33 more
... Removed 26 stack frames]]>
    </failure>
  </testcase> <!-- @BeforeClass initConfigs -->
  <testcase name="@AfterClass tearDown" time="0.0" classname="MobileProgrammingLLC.Tests.WebViewTest_App_ValidatingAboutSection">
    <skipped/>
  </testcase> <!-- @AfterClass tearDown -->
  <testcase name="app_validateIntroTitle" time="0.0" classname="MobileProgrammingLLC.Tests.WebViewTest_App_ValidatingAboutSection">
    <skipped/>
  </testcase> <!-- app_validateIntroTitle -->
  <testcase name="app_tapOnNavigationMenuBtn" time="0.0" classname="MobileProgrammingLLC.Tests.WebViewTest_App_ValidatingAboutSection">
    <skipped/>
  </testcase> <!-- app_tapOnNavigationMenuBtn -->
  <testcase name="app_tapOnAboutOption" time="0.0" classname="MobileProgrammingLLC.Tests.WebViewTest_App_ValidatingAboutSection">
    <skipped/>
  </testcase> <!-- app_tapOnAboutOption -->
  <testcase name="app_verifyAboutPage" time="0.0" classname="MobileProgrammingLLC.Tests.WebViewTest_App_ValidatingAboutSection">
    <skipped/>
  </testcase> <!-- app_verifyAboutPage -->
</testsuite> <!-- Test1 -->
